[2022-05-10 16:12:03] [ ERROR] [GlobalExceptionHandler:17] Required request parameter 'property' for method parameter type String is not present -- uri=/api/v1/products;client=0:0:0:0:0:0:0:1
[2022-05-12 15:43:30] [ ERROR] [GlobalExceptionHandler:17] class org.springframework.validation.support.BindingAwareModelMap cannot be cast to class org.springframework.http.ResponseEntity (org.springframework.validation.support.BindingAwareModelMap and org.springframework.http.ResponseEntity are in unnamed module of loader 'app') -- uri=/api/v1/users/register;client=0:0:0:0:0:0:0:1
[2022-05-12 15:44:19] [ ERROR] [GlobalExceptionHandler:17] Cannot invoke "org.springframework.security.crypto.bcrypt.BCryptPasswordEncoder.encode(java.lang.CharSequence)" because "com.example.demo.service.UserInfoService.bCryptPasswordEncoder" is null -- uri=/api/v1/users/register;client=0:0:0:0:0:0:0:1
[2022-05-12 15:44:59] [ ERROR] [GlobalExceptionHandler:17] rawPassword cannot be null -- uri=/api/v1/users/register;client=0:0:0:0:0:0:0:1
[2022-05-12 15:46:57] [ ERROR] [GlobalExceptionHandler:17] rawPassword cannot be null -- uri=/api/v1/users/register;client=0:0:0:0:0:0:0:1
[2022-05-12 15:47:39] [ ERROR] [GlobalExceptionHandler:17] rawPassword cannot be null -- uri=/api/v1/users/register;client=0:0:0:0:0:0:0:1
[2022-05-12 15:47:49] [ ERROR] [GlobalExceptionHandler:17] rawPassword cannot be null -- uri=/api/v1/users/register;client=0:0:0:0:0:0:0:1
[2022-05-12 15:47:50] [ ERROR] [GlobalExceptionHandler:17] rawPassword cannot be null -- uri=/api/v1/users/register;client=0:0:0:0:0:0:0:1
[2022-05-12 15:47:51] [ ERROR] [GlobalExceptionHandler:17] rawPassword cannot be null -- uri=/api/v1/users/register;client=0:0:0:0:0:0:0:1
[2022-05-12 15:48:40] [ ERROR] [GlobalExceptionHandler:17] rawPassword cannot be null -- uri=/api/v1/users/register;client=0:0:0:0:0:0:0:1
[2022-05-12 15:50:55] [ ERROR] [GlobalExceptionHandler:17] rawPassword cannot be null -- uri=/api/v1/users/register;client=0:0:0:0:0:0:0:1
[2022-05-12 15:51:28] [ ERROR] [GlobalExceptionHandler:17] rawPassword cannot be null -- uri=/api/v1/users/register;client=0:0:0:0:0:0:0:1
[2022-05-12 15:51:50] [ ERROR] [GlobalExceptionHandler:17] rawPassword cannot be null -- uri=/api/v1/users/register;client=0:0:0:0:0:0:0:1
[2022-05-12 15:55:47] [ ERROR] [GlobalExceptionHandler:17] rawPassword cannot be null -- uri=/api/v1/users/register;client=0:0:0:0:0:0:0:1
[2022-05-12 15:57:17] [ ERROR] [GlobalExceptionHandler:17] rawPassword cannot be null -- uri=/api/v1/users/register;client=0:0:0:0:0:0:0:1
[2022-05-12 16:00:20] [ ERROR] [GlobalExceptionHandler:17] Missing request attribute 'username' of type String -- uri=/api/v1/users/login;client=0:0:0:0:0:0:0:1
[2022-05-12 16:00:41] [ ERROR] [GlobalExceptionHandler:17] Missing request attribute 'username' of type String -- uri=/api/v1/users/login;client=0:0:0:0:0:0:0:1
[2022-05-12 16:07:44] [ ERROR] [GlobalExceptionHandler:17] Cannot invoke "com.example.demo.entity.Cart.addProduct(com.example.demo.entity.Product)" because "cart" is null -- uri=/api/v1/cart/;client=0:0:0:0:0:0:0:1;user=tomasito
[2022-05-12 16:09:38] [ ERROR] [GlobalExceptionHandler:17] not-null property references a null or transient value : com.example.demo.entity.Cart.userInfo; nested exception is org.hibernate.PropertyValueException: not-null property references a null or transient value : com.example.demo.entity.Cart.userInfo -- uri=/api/v1/users/register;client=0:0:0:0:0:0:0:1
[2022-05-12 16:10:11] [ ERROR] [GlobalExceptionHandler:17] org.hibernate.TransientPropertyValueException: object references an unsaved transient instance - save the transient instance before flushing : com.example.demo.security.entity.UserInfo.cart -> com.example.demo.entity.Cart; nested exception is java.lang.IllegalStateException: org.hibernate.TransientPropertyValueException: object references an unsaved transient instance - save the transient instance before flushing : com.example.demo.security.entity.UserInfo.cart -> com.example.demo.entity.Cart -- uri=/api/v1/users/register;client=0:0:0:0:0:0:0:1
[2022-05-12 16:10:34] [ ERROR] [GlobalExceptionHandler:17] not-null property references a null or transient value : com.example.demo.entity.Cart.userInfo; nested exception is org.hibernate.PropertyValueException: not-null property references a null or transient value : com.example.demo.entity.Cart.userInfo -- uri=/api/v1/users/register;client=0:0:0:0:0:0:0:1
[2022-05-12 16:11:12] [ ERROR] [GlobalExceptionHandler:17] org.hibernate.TransientPropertyValueException: object references an unsaved transient instance - save the transient instance before flushing : com.example.demo.security.entity.UserInfo.cart -> com.example.demo.entity.Cart; nested exception is java.lang.IllegalStateException: org.hibernate.TransientPropertyValueException: object references an unsaved transient instance - save the transient instance before flushing : com.example.demo.security.entity.UserInfo.cart -> com.example.demo.entity.Cart -- uri=/api/v1/users/register;client=0:0:0:0:0:0:0:1
[2022-05-12 16:12:23] [ ERROR] [GlobalExceptionHandler:17] org.hibernate.TransientObjectException: object references an unsaved transient instance - save the transient instance before flushing: com.example.demo.entity.Product; nested exception is java.lang.IllegalStateException: org.hibernate.TransientObjectException: object references an unsaved transient instance - save the transient instance before flushing: com.example.demo.entity.Product -- uri=/api/v1/cart/;client=0:0:0:0:0:0:0:1;user=tomasito
[2022-05-12 16:17:01] [ ERROR] [GlobalExceptionHandler:17] Product not found -- uri=/api/v1/cart/;client=0:0:0:0:0:0:0:1;user=tomasito
[2022-05-12 16:18:54] [ ERROR] [GlobalExceptionHandler:17] Product not found -- uri=/api/v1/cart/;client=0:0:0:0:0:0:0:1;user=tomasito
[2022-05-12 16:19:40] [ ERROR] [GlobalExceptionHandler:17] Product not found -- uri=/api/v1/cart/;client=0:0:0:0:0:0:0:1;user=tomasito
